org.creama.sigioxls - Indicador: Archivo movido exitosamente: nomenclator975176228.xls -> Excel-091-2023.xls Ruta: C:\macros\bajo\Excel-091-2023.xls descargado.
org.creama.sigioxls - Fallo indicador: INDICADOR 102 paso: 11
org.creama.sigioxls - Fallo indicador: INDICADOR 102A paso: 2
org.creama.sigioxls - Fallo indicador: INDICADOR 102 paso: 20
org.creama.sigioxls - Fallo indicador: INDICADOR 102 paso: 20
org.creama.sigioxls - Indicador: Archivo movido exitosamente: V0049_C0D3310.xlsx -> Excel-102-2024.xlsx Ruta: C:\macros\bajo\Excel-102-2024.xlsx descargado.
org.creama.sigioxls - Indicador: Archivo movido exitosamente: V0050_C0D3311.xlsx -> Excel-102A-2024.xlsx Ruta: C:\macros\bajo\Excel-102A-2024.xlsx descargado.
org.creama.sigioxls - Indicador: Archivo movido exitosamente: V0049_C0D3310.xlsx -> Excel-102-2024.xlsx Ruta: C:\macros\bajo\Excel-102-2024.xlsx descargado.
org.creama.sigioxls - Indicador: Archivo movido exitosamente: V0050_C0D3311.xlsx -> Excel-102A-2024.xlsx Ruta: C:\macros\bajo\Excel-102A-2024.xlsx descargado.
org.creama.sigioxls - Indicador: Archivo movido exitosamente: V0049_C0D3310.xlsx -> Excel-102-2024.xlsx Ruta: C:\macros\bajo\Excel-102-2024.xlsx descargado.
org.creama.sigioxls - Indicador: Archivo movido exitosamente: V0050_C0D3311.xlsx -> Excel-102A-2024.xlsx Ruta: C:\macros\bajo\Excel-102A-2024.xlsx descargado.
org.creama.sigioxls - Usuario: Sergi - Fecha/hora: 24/05/2024 08:18:51 - Login.
org.creama.sigioxls - Indicador: INDICADOR 006 descargado.
org.creama.sigioxls - Fallo indicador: Fallo en la descarga o en el nombre del archivo del indicador: 6 paso: 32
org.creama.sigioxls - Fallo indicador: INDICADOR 006 paso: 32
org.creama.sigioxls - Fallo indicador: INDICADOR 19 paso: 3
org.creama.sigioxls - Fallo indicador: INDICADOR 19A paso: 3
org.creama.sigioxls - Fallo indicador: INDICADOR 19B paso: 3
org.creama.sigioxls - Fallo indicador: INDICADOR 091 Error seleccionando el año o el trimestre paso: 1012
org.creama.sigioxls - Fallo indicador: INDICADOR 103 Error seleccionando el año paso: 1014
org.creama.sigioxls - Fallo indicador: INDICADOR 103 Error seleccionando el año paso: 1014
org.creama.sigioxls - Fallo indicador: INDICADOR 103 Error seleccionando el año paso: 1014
org.creama.sigioxls - Fallo indicador: INDICADOR 103 Error seleccionando el año paso: 1014
org.creama.sigioxls - Fallo indicador: INDICADOR 103 Error seleccionando el año paso: 1014
org.creama.sigioxls - Fallo indicador: INDICADOR 103 Error seleccionando el año paso: 1014
org.creama.sigioxls - Fallo indicador: INDICADOR 103 Error seleccionando el año paso: 1014
org.creama.sigioxls - Indicador: Archivo movido exitosamente: Violencia sobre la Mujer Juzgados por Partido Judicial - Cuarto Trimestre 2023 (1).xlsx -> Excel-103-2023.xlsx Ruta: C:\macros\bajo\Excel-103-2023.xlsx descargado.
org.creama.sigioxls - Indicador: Archivo movido exitosamente: Violencia sobre la Mujer Juzgados por Partido Judicial - Cuarto Trimestre 2023.xlsx -> Excel-103-2023.xlsx Ruta: C:\macros\bajo\Excel-103-2023.xlsx descargado.
org.creama.sigioxls - Indicador: Archivo movido exitosamente: Violencia sobre la Mujer Juzgados por Partido Judicial - Cuarto Trimestre 2023.xlsx -> Excel-103-2023.xlsx Ruta: C:\macros\bajo\Excel-103-2023.xlsx descargado.
org.creama.sigioxls - Indicador: Archivo movido exitosamente: Violencia sobre la Mujer Juzgados por Provincias - Cuarto Trimestre 2023.xlsx -> Excel-103-2023.xlsx Ruta: C:\macros\bajo\Excel-103-2023.xlsx descargado.
org.creama.sigioxls - Indicador: Archivo movido exitosamente: Violencia sobre la Mujer Juzgados por Partido Judicial - Cuarto Trimestre 2023.xlsx -> Excel-103-2023-4T.xlsx Ruta: C:\macros\bajo\Excel-103-2023-4T.xlsx descargado.
org.creama.sigioxls - Indicador: Archivo movido exitosamente: Violencia sobre la Mujer Juzgados por Provincias - Cuarto Trimestre 2023.xlsx -> Excel-103A-2023-4T.xlsx Ruta: C:\macros\bajo\Excel-103A-2023-4T.xlsx descargado.
org.creama.sigioxls - Fallo indicador: INDICADOR 022 paso: 5
org.creama.sigioxls - Fallo indicador: INDICADOR 022 paso: 5
org.creama.sigioxls - Fallo indicador: INDICADOR 022 paso: 12
org.creama.sigioxls - Fallo indicador: INDICADOR 022 paso: 32
org.creama.sigioxls - Fallo indicador: INDICADOR 022 paso: 93
org.creama.sigioxls - Fallo indicador: INDICADOR 022 paso: 93
org.creama.sigioxls - Fallo indicador: INDICADOR 022 paso: 136
org.creama.sigioxls - Fallo indicador: INDICADOR 022 paso: 136
org.creama.sigioxls - Fallo indicador: INDICADOR 022 paso: 136
org.creama.sigioxls - Indicador: INDICADOR 006 descargado.
org.creama.sigioxls - Fallo indicador: Fallo en la descarga o en el nombre del archivo del indicador: 6 paso: 32
org.creama.sigioxls - Fallo indicador: INDICADOR 006 paso: 32
org.creama.sigioxls - Fallo indicador: INDICADOR 005 paso: 4
org.creama.sigioxls - Fallo indicador: INDICADOR 005 paso: 4
org.creama.sigioxls - Fallo indicador: INDICADOR 005 paso: 14
org.creama.sigioxls - Fallo indicador: INDICADOR 076 paso: 14
org.creama.sigioxls - Fallo indicador: INDICADOR 076 paso: 162
org.creama.sigioxls - Fallo indicador: INDICADOR 076 paso: 180
org.creama.sigioxls - Fallo indicador: INDICADOR 076 paso: 180
org.creama.sigioxls - Fallo indicador: INDICADOR 076 paso: 226
org.creama.sigioxls - Fallo indicador: INDICADOR 076 paso: 235
org.creama.sigioxls - Fallo indicador: Fallo en la descarga o en el nombre del archivo del indicador: 76 paso: 260
org.creama.sigioxls - Fallo indicador: INDICADOR 076 paso: 260
org.creama.sigioxls - Fallo indicador: INDICADOR 125 paso: 6
org.creama.sigioxls - Fallo indicador: INDICADOR 125 paso: 6
org.creama.sigioxls - Fallo indicador: INDICADOR 125 paso: 6
org.creama.sigioxls - Fallo indicador: INDICADOR 125 paso: 6
org.creama.sigioxls - Fallo indicador: INDICADOR 125 paso: 6
org.creama.sigioxls - Fallo indicador: INDICADOR 125 paso: 6
org.creama.sigioxls - Fallo indicador: INDICADOR 126 paso: 6
org.creama.sigioxls - Fallo indicador: INDICADOR 126 paso: 5
org.creama.sigioxls - Fallo indicador: INDICADOR 77 paso: 11
org.creama.sigioxls - Fallo indicador: INDICADOR 122 paso: 8
org.creama.sigioxls - Fallo indicador: Fallo en la descarga o en el nombre del archivo del indicador: 122 paso: 26
org.creama.sigioxls - Fallo indicador: INDICADOR 122 paso: 26
org.creama.sigioxls - Fallo indicador: Fallo en la descarga o en el nombre del archivo del indicador: 122 paso: 26
org.creama.sigioxls - Fallo indicador: INDICADOR 122 paso: 26
org.creama.sigioxls - Fallo indicador: INDICADOR 126A paso: 9
org.creama.sigioxls - Fallo indicador: INDICADOR 126 paso: 31
org.creama.sigioxls - Fallo indicador: INDICADOR 126 paso: 3
org.creama.sigioxls - Fallo indicador: INDICADOR 126 paso: 31
org.creama.sigioxls - Fallo indicador: INDICADOR 126 paso: 3
org.creama.sigioxls - Fallo indicador: INDICADOR 126 paso: 3
org.creama.sigioxls - Fallo indicador: INDICADOR 126 paso: 31
org.creama.sigioxls - Fallo indicador: INDICADOR 126 paso: 20
org.creama.sigioxls - Fallo indicador: INDICADOR 126 paso: 31
org.creama.sigioxls - Fallo indicador: INDICADOR 126 paso: 20
org.creama.sigioxls - Fallo indicador: INDICADOR 121 paso: 5
org.creama.sigioxls - Fallo indicador: Fallo en la descarga o en el nombre del archivo del indicador: 121 paso: 22
org.creama.sigioxls - Fallo indicador: INDICADOR 121 paso: 22
org.creama.sigioxls - Fallo indicador: INDICADOR 121 paso: 19
org.creama.sigioxls - Fallo indicador: Fallo en la descarga o en el nombre del archivo del indicador: 83 paso: 34
org.creama.sigioxls - Fallo indicador: INDICADOR 83 paso: 34
org.creama.sigioxls - Fallo indicador: INDICADOR 86 paso: 6
org.creama.sigioxls - Fallo indicador: INDICADOR 86 paso: 5
org.creama.sigioxls - Fallo indicador: INDICADOR 86 paso: 6
org.creama.sigioxls - Fallo indicador: INDICADOR 86 paso: 6
org.creama.sigioxls - Fallo indicador: INDICADOR 86 paso: 6
org.creama.sigioxls - Fallo indicador: INDICADOR 86 paso: 6
org.creama.sigioxls - Fallo indicador: INDICADOR 98 paso: 4
org.creama.sigioxls - Fallo indicador: INDICADOR 98 paso: 4
org.creama.sigioxls - Fallo indicador: INDICADOR 98 paso: 4
org.creama.sigioxls - Fallo indicador: INDICADOR 118 paso: 5
org.creama.sigioxls - Fallo indicador: INDICADOR 119 paso: 5
org.creama.sigioxls - Fallo indicador: INDICADOR 119 paso: 5
org.creama.sigioxls - Fallo indicador: INDICADOR 119 paso: 23
org.creama.sigioxls - Fallo indicador: INDICADOR 119 paso: 20
org.creama.sigioxls - Fallo indicador: INDICADOR 98 paso: 4
org.creama.sigioxls - Usuario: Sergi - Fecha/hora: 07/06/2024 12:37:30 - Login.
org.creama.sigioxls - Fallo indicador: INDICADOR 005 paso: 27
org.creama.sigioxls - Fallo indicador: Fallo en la descarga o en el nombre del archivo del indicador: 5 paso: 24
org.creama.sigioxls - Fallo indicador: INDICADOR 005A paso: 24
org.creama.sigioxls - Indicador: INDICADOR 006 descargado.
org.creama.sigioxls - Fallo indicador: Fallo en la descarga o en el nombre del archivo del indicador: 6 paso: 32
org.creama.sigioxls - Fallo indicador: INDICADOR 006 paso: 32
org.creama.sigioxls - Fallo indicador: INDICADOR 19 paso: 3
org.creama.sigioxls - Fallo indicador: INDICADOR 19A paso: 3
org.creama.sigioxls - Fallo indicador: INDICADOR 19B paso: 3
org.creama.sigioxls - Fallo indicador: INDICADOR 022 Error seleccionando el año o el trimestre paso: 1018
org.creama.sigioxls - Fallo indicador: INDICADOR 023 paso: 9
org.creama.sigioxls - Fallo indicador: INDICADOR 86 paso: 6
org.creama.sigioxls - Fallo indicador: INDICADOR 091 Error seleccionando el año o el trimestre paso: 1012
org.creama.sigioxls - Fallo indicador: INDICADOR 98 paso: 4
org.creama.sigioxls - Fallo indicador: Fallo en la descarga o en el nombre del archivo del indicador: 101 paso: 19
org.creama.sigioxls - Fallo indicador: INDICADOR 101 paso: 19
org.creama.sigioxls - Fallo indicador: INDICADOR 125 paso: 6
org.creama.sigioxls - Fallo indicador: INDICADOR 125 paso: 6
org.creama.sigioxls - Fallo indicador: INDICADOR 126 paso: 6
org.creama.sigioxls - Fallo indicador: INDICADOR 126 paso: 5
org.creama.sigioxls - Fallo indicador: INDICADOR 130 paso: 6
org.creama.sigioxls - Usuario: Sergi - Fecha/hora: 07/06/2024 13:33:09 - Login.
org.creama.sigioxls - Indicador: INDICADOR 006 descargado.
org.creama.sigioxls - Fallo indicador: Fallo en la descarga o en el nombre del archivo del indicador: 6 paso: 32
org.creama.sigioxls - Fallo indicador: INDICADOR 006 paso: 32
org.creama.sigioxls - Fallo indicador: INDICADOR 19 paso: 3
org.creama.sigioxls - Fallo indicador: INDICADOR 19A paso: 3
org.creama.sigioxls - Fallo indicador: INDICADOR 19B paso: 3
org.creama.sigioxls - Fallo indicador: INDICADOR 022 Error seleccionando el año o el trimestre paso: 1018
org.creama.sigioxls - Fallo indicador: INDICADOR 023 paso: 9
org.creama.sigioxls - Fallo indicador: INDICADOR 83 paso: 31
org.creama.sigioxls - Fallo indicador: INDICADOR 86 paso: 6
org.creama.sigioxls - Fallo indicador: INDICADOR 83 paso: 9
org.creama.sigioxls - Fallo indicador: INDICADOR 83 paso: 9
org.creama.sigioxls - Fallo indicador: INDICADOR 77 paso: 9
org.creama.sigioxls - Fallo indicador: INDICADOR 76 paso: 9
com.todoapp.todojava.TodoAppJava - Starting TodoAppJava using Java 21 with PID 23728 (C:\Users\Sergi\Desktop\programación\todo java\target\classes started by Sergi in C:\Users\Sergi\Desktop\programación\todo java)
com.todoapp.todojava.TodoAppJava - No active profile set, falling back to 1 default profile: "default"
com.todoapp.todojava.TodoAppJava - Started TodoAppJava in 4.838 seconds (process running for 5.867)
